TN:
SF:src/components/Form/Button/index.tsx
FN:14,Button
FNF:1
FNH:1
FNDA:3,Button
DA:19,3
LF:1
LH:1
BRF:0
BRH:0
end_of_record
TN:
SF:src/components/Form/CategorySelectButton/index.tsx
FN:15,CategorySelectButton
FNF:1
FNH:1
FNDA:2,CategorySelectButton
DA:20,2
LF:1
LH:1
BRF:0
BRH:0
end_of_record
TN:
SF:src/components/Form/Input/index.tsx
FN:9,Input
FNF:1
FNH:1
FNDA:5,Input
DA:13,5
LF:1
LH:1
BRDA:10,0,0,4
BRF:1
BRH:1
end_of_record
TN:
SF:src/components/Form/InputForm/index.tsx
FN:13,InputForm
FN:23,(anonymous_1)
FNF:2
FNH:2
FNDA:4,InputForm
FNDA:4,(anonymous_1)
DA:19,4
DA:24,4
LF:2
LH:2
BRDA:33,0,0,4
BRDA:33,0,1,0
BRF:2
BRH:1
end_of_record
TN:
SF:src/components/Form/TransactionTypeButton/index.tsx
FN:21,TransactionTypeButton
FNF:1
FNH:1
FNDA:4,TransactionTypeButton
DA:16,1
DA:27,4
LF:2
LH:2
BRF:0
BRH:0
end_of_record
TN:
SF:src/components/HighLightCard/index.tsx
FN:26,HighLightCard
FNF:1
FNH:0
FNDA:0,HighLightCard
DA:20,0
DA:32,0
LF:2
LH:0
BRF:0
BRH:0
end_of_record
TN:
SF:src/components/HistoryCard/index.tsx
FN:13,HistoryCard
FNF:1
FNH:0
FNDA:0,HistoryCard
DA:18,0
LF:1
LH:0
BRF:0
BRH:0
end_of_record
TN:
SF:src/components/SignInSocialButton/index.tsx
FN:15,SignInSocialButton
FNF:1
FNH:0
FNDA:0,SignInSocialButton
DA:20,0
LF:1
LH:0
BRF:0
BRH:0
end_of_record
TN:
SF:src/components/TransactionCard/index.tsx
FN:30,TransactionCard
FN:32,(anonymous_1)
FNF:2
FNH:0
FNDA:0,TransactionCard
FNDA:0,(anonymous_1)
DA:31,0
DA:32,0
DA:35,0
LF:3
LH:0
BRDA:42,0,0,0
BRDA:42,0,1,0
BRF:2
BRH:0
end_of_record
TN:
SF:src/hooks/auth.tsx
FN:45,AuthProvider
FN:52,signInWithGoogle
FN:85,signInWithApple
FN:114,signOut
FN:119,(anonymous_4)
FN:120,loadStorageDate
FN:145,useAuth
FNF:7
FNH:5
FNDA:6,AuthProvider
FNDA:3,signInWithGoogle
FNDA:0,signInWithApple
FNDA:0,signOut
FNDA:3,(anonymous_4)
FNDA:3,loadStorageDate
FNDA:8,useAuth
DA:13,2
DA:14,2
DA:42,2
DA:46,6
DA:47,6
DA:49,6
DA:53,3
DA:54,3
DA:58,3
DA:60,3
DA:62,3
DA:65,3
DA:66,3
DA:67,3
DA:69,3
DA:76,3
DA:77,3
DA:81,3
DA:86,0
DA:87,0
DA:95,0
DA:96,0
DA:98,0
DA:99,0
DA:106,0
DA:107,0
DA:110,0
DA:115,0
DA:116,0
DA:119,6
DA:121,3
DA:123,0
DA:124,0
DA:125,0
DA:127,0
DA:130,3
DA:133,6
DA:146,8
DA:148,8
LF:39
LH:24
BRDA:65,0,0,3
BRDA:65,0,1,0
BRDA:95,1,0,0
BRDA:95,1,1,0
BRDA:123,2,0,0
BRDA:123,2,1,0
BRF:6
BRH:1
end_of_record
TN:
SF:src/routes/app.routes.tsx
FN:13,AppRoutes
FN:40,(anonymous_1)
FN:53,(anonymous_2)
FN:66,(anonymous_3)
FNF:4
FNH:0
FNDA:0,AppRoutes
FNDA:0,(anonymous_1)
FNDA:0,(anonymous_2)
FNDA:0,(anonymous_3)
DA:11,0
DA:14,0
DA:16,0
DA:41,0
DA:54,0
DA:67,0
LF:6
LH:0
BRDA:29,0,0,0
BRDA:29,0,1,0
BRF:2
BRH:0
end_of_record
TN:
SF:src/routes/auth.routes.tsx
FN:8,AuthRoutes
FNF:1
FNH:0
FNDA:0,AuthRoutes
DA:6,0
DA:9,0
LF:2
LH:0
BRF:0
BRH:0
end_of_record
TN:
SF:src/routes/index.tsx
FN:8,Routes
FNF:1
FNH:0
FNDA:0,Routes
DA:9,0
DA:11,0
LF:2
LH:0
BRDA:13,0,0,0
BRDA:13,0,1,0
BRF:2
BRH:0
end_of_record
TN:
SF:src/screens/CategorySelect/index.tsx
FN:26,CategorySelect
FN:31,handleCategorySelect
FN:44,(anonymous_2)
FN:45,(anonymous_3)
FN:47,(anonymous_4)
FN:54,(anonymous_5)
FNF:6
FNH:4
FNDA:1,CategorySelect
FNDA:0,handleCategorySelect
FNDA:6,(anonymous_2)
FNDA:6,(anonymous_3)
FNDA:0,(anonymous_4)
FNDA:5,(anonymous_5)
DA:32,0
DA:35,1
DA:44,6
DA:46,6
DA:47,0
DA:54,5
LF:6
LH:4
BRF:0
BRH:0
end_of_record
TN:
SF:src/screens/Dashboard/index.tsx
FN:46,Dashboard
FN:55,getLastTransactionDate
FN:60,(anonymous_2)
FN:69,(anonymous_3)
FN:74,loadTransaction
FN:84,(anonymous_5)
FN:160,(anonymous_6)
FN:166,(anonymous_7)
FN:227,(anonymous_8)
FN:228,(anonymous_9)
FNF:10
FNH:0
FNDA:0,Dashboard
FNDA:0,getLastTransactionDate
FNDA:0,(anonymous_2)
FNDA:0,(anonymous_3)
FNDA:0,loadTransaction
FNDA:0,(anonymous_5)
FNDA:0,(anonymous_6)
FNDA:0,(anonymous_7)
FNDA:0,(anonymous_8)
FNDA:0,(anonymous_9)
DA:47,0
DA:48,0
DA:49,0
DA:51,0
DA:53,0
DA:59,0
DA:60,0
DA:62,0
DA:63,0
DA:66,0
DA:69,0
DA:71,0
DA:75,0
DA:76,0
DA:78,0
DA:80,0
DA:81,0
DA:83,0
DA:86,0
DA:87,0
DA:90,0
DA:94,0
DA:101,0
DA:107,0
DA:117,0
DA:118,0
DA:119,0
DA:121,0
DA:125,0
DA:127,0
DA:156,0
DA:160,0
DA:161,0
DA:166,0
DA:167,0
DA:170,0
DA:227,0
DA:228,0
LF:38
LH:0
BRDA:62,0,0,0
BRDA:62,0,1,0
BRDA:78,1,0,0
BRDA:78,1,1,0
BRDA:86,2,0,0
BRDA:86,2,1,0
BRDA:121,3,0,0
BRDA:121,3,1,0
BRDA:134,4,0,0
BRDA:134,4,1,0
BRDA:143,5,0,0
BRDA:143,5,1,0
BRDA:173,6,0,0
BRDA:173,6,1,0
BRF:14
BRH:0
end_of_record
TN:
SF:src/screens/Profile/index.tsx
FN:9,Profile
FN:32,(anonymous_1)
FNF:2
FNH:1
FNDA:3,Profile
FNDA:0,(anonymous_1)
DA:10,3
LF:1
LH:1
BRF:0
BRH:0
end_of_record
TN:
SF:src/screens/Register/index.tsx
FN:52,Register
FN:75,handleTransactionTypeSelect
FN:79,handleCloseSelectCategoryModal
FN:83,handleOpenSelectCategoryModal
FN:87,handleRegister
FN:173,(anonymous_5)
FN:179,(anonymous_6)
FNF:7
FNH:2
FNDA:2,Register
FNDA:0,handleTransactionTypeSelect
FNDA:0,handleCloseSelectCategoryModal
FNDA:1,handleOpenSelectCategoryModal
FNDA:0,handleRegister
FNDA:0,(anonymous_5)
FNDA:0,(anonymous_6)
DA:41,1
DA:54,2
DA:59,2
DA:61,2
DA:62,2
DA:64,2
DA:71,2
DA:76,0
DA:80,0
DA:84,1
DA:88,0
DA:90,0
DA:93,0
DA:102,0
DA:103,0
DA:106,0
DA:107,0
DA:109,0
DA:116,0
DA:125,0
DA:126,0
DA:127,0
DA:133,0
DA:136,0
DA:137,0
DA:141,2
DA:173,0
DA:179,0
LF:28
LH:9
BRDA:88,0,0,0
BRDA:88,0,1,0
BRDA:90,1,0,0
BRDA:90,1,1,0
BRDA:107,2,0,0
BRDA:107,2,1,0
BRDA:158,3,0,2
BRDA:158,3,1,0
BRDA:166,4,0,2
BRDA:166,4,1,0
BRF:10
BRH:2
end_of_record
TN:
SF:src/screens/Resume/index.tsx
FN:52,Resume
FN:62,handleDateChange
FN:75,loadData
FN:82,(anonymous_3)
FN:89,(anonymous_4)
FN:97,(anonymous_5)
FN:100,(anonymous_6)
FN:132,(anonymous_7)
FN:155,(anonymous_8)
FN:165,(anonymous_9)
FN:173,(anonymous_10)
FN:187,(anonymous_11)
FNF:12
FNH:0
FNDA:0,Resume
FNDA:0,handleDateChange
FNDA:0,loadData
FNDA:0,(anonymous_3)
FNDA:0,(anonymous_4)
FNDA:0,(anonymous_5)
FNDA:0,(anonymous_6)
FNDA:0,(anonymous_7)
FNDA:0,(anonymous_8)
FNDA:0,(anonymous_9)
FNDA:0,(anonymous_10)
FNDA:0,(anonymous_11)
DA:53,0
DA:54,0
DA:55,0
DA:59,0
DA:60,0
DA:64,0
DA:66,0
DA:67,0
DA:70,0
DA:71,0
DA:76,0
DA:77,0
DA:78,0
DA:79,0
DA:81,0
DA:83,0
DA:88,0
DA:90,0
DA:95,0
DA:97,0
DA:98,0
DA:100,0
DA:101,0
DA:102,0
DA:106,0
DA:107,0
DA:112,0
DA:116,0
DA:127,0
DA:128,0
DA:132,0
DA:133,0
DA:137,0
DA:155,0
DA:165,0
DA:173,0
DA:188,0
LF:37
LH:0
BRDA:64,0,0,0
BRDA:64,0,1,0
BRDA:79,1,0,0
BRDA:79,1,1,0
BRDA:83,2,0,0
BRDA:83,2,1,0
BRDA:83,2,2,0
BRDA:101,3,0,0
BRDA:101,3,1,0
BRDA:106,4,0,0
BRDA:106,4,1,0
BRDA:142,5,0,0
BRDA:142,5,1,0
BRF:13
BRH:0
end_of_record
TN:
SF:src/screens/SignIn/index.tsx
FN:24,SignIn
FN:33,handleSignInWithGoogle
FN:46,handleSignInWithApple
FNF:3
FNH:0
FNDA:0,SignIn
FNDA:0,handleSignInWithGoogle
FNDA:0,handleSignInWithApple
DA:25,0
DA:27,0
DA:31,0
DA:34,0
DA:35,0
DA:36,0
DA:38,0
DA:39,0
DA:41,0
DA:47,0
DA:48,0
DA:49,0
DA:51,0
DA:52,0
DA:53,0
DA:57,0
LF:16
LH:0
BRDA:89,0,0,0
BRDA:89,0,1,0
BRDA:102,1,0,0
BRDA:102,1,1,0
BRF:4
BRH:0
end_of_record
